Start testing: Aug 21 17:15 UTC
----------------------------------------------------------
1/4 Testing: basic
1/4 Test: basic
Command: "/home/runner/work/CoinSorter/CoinSorter/build/bin/test_basic"
Directory: /home/runner/work/CoinSorter/CoinSorter/build
"basic" start time: Aug 21 17:15 UTC
Output:
----------------------------------------------------------
basic tests passed
<end of output>
Test time =   0.00 sec
----------------------------------------------------------
Test Passed.
"basic" end time: Aug 21 17:15 UTC
"basic" time elapsed: 00:00:00
----------------------------------------------------------

2/4 Testing: sim
2/4 Test: sim
Command: "/home/runner/work/CoinSorter/CoinSorter/build/bin/test_sim"
Directory: /home/runner/work/CoinSorter/CoinSorter/build
"sim" start time: Aug 21 17:15 UTC
Output:
----------------------------------------------------------
sim tests passed
<end of output>
Test time =   0.00 sec
----------------------------------------------------------
Test Passed.
"sim" end time: Aug 21 17:15 UTC
"sim" time elapsed: 00:00:00
----------------------------------------------------------

3/4 Testing: coin_adv
3/4 Test: coin_adv
Command: "/home/runner/work/CoinSorter/CoinSorter/build/bin/test_coin_adv"
Directory: /home/runner/work/CoinSorter/CoinSorter/build
"coin_adv" start time: Aug 21 17:15 UTC
Output:
----------------------------------------------------------
warning: mass/diam solutions identical
advanced coin tests passed
<end of output>
Test time =   5.91 sec
----------------------------------------------------------
Test Passed.
"coin_adv" end time: Aug 21 17:15 UTC
"coin_adv" time elapsed: 00:00:05
----------------------------------------------------------

4/4 Testing: area
4/4 Test: area
Command: "/home/runner/work/CoinSorter/CoinSorter/build/bin/test_area"
Directory: /home/runner/work/CoinSorter/CoinSorter/build
"area" start time: Aug 21 17:15 UTC
Output:
----------------------------------------------------------
area test passed (coins=8 area=3133.1976)
<end of output>
Test time =   0.00 sec
----------------------------------------------------------
Test Passed.
"area" end time: Aug 21 17:15 UTC
"area" time elapsed: 00:00:00
----------------------------------------------------------

End testing: Aug 21 17:15 UTC
