Start testing: Aug 21 19:47 UTC
----------------------------------------------------------
1/5 Testing: basic
1/5 Test: basic
Command: "/home/runner/work/CoinSorter/CoinSorter/build/bin/test_basic"
Directory: /home/runner/work/CoinSorter/CoinSorter/build
"basic" start time: Aug 21 19:47 UTC
Output:
----------------------------------------------------------
basic tests passed
<end of output>
Test time =   0.00 sec
----------------------------------------------------------
Test Passed.
"basic" end time: Aug 21 19:47 UTC
"basic" time elapsed: 00:00:00
----------------------------------------------------------

2/5 Testing: sim
2/5 Test: sim
Command: "/home/runner/work/CoinSorter/CoinSorter/build/bin/test_sim"
Directory: /home/runner/work/CoinSorter/CoinSorter/build
"sim" start time: Aug 21 19:47 UTC
Output:
----------------------------------------------------------
sim tests passed
<end of output>
Test time =   0.00 sec
----------------------------------------------------------
Test Passed.
"sim" end time: Aug 21 19:47 UTC
"sim" time elapsed: 00:00:00
----------------------------------------------------------

3/5 Testing: coin_adv
3/5 Test: coin_adv
Command: "/home/runner/work/CoinSorter/CoinSorter/build/bin/test_coin_adv"
Directory: /home/runner/work/CoinSorter/CoinSorter/build
"coin_adv" start time: Aug 21 19:47 UTC
Output:
----------------------------------------------------------
warning: mass/diam solutions identical
advanced coin tests passed
<end of output>
Test time =   5.84 sec
----------------------------------------------------------
Test Passed.
"coin_adv" end time: Aug 21 19:47 UTC
"coin_adv" time elapsed: 00:00:05
----------------------------------------------------------

4/5 Testing: area
4/5 Test: area
Command: "/home/runner/work/CoinSorter/CoinSorter/build/bin/test_area"
Directory: /home/runner/work/CoinSorter/CoinSorter/build
"area" start time: Aug 21 19:47 UTC
Output:
----------------------------------------------------------
area test passed (coins=8 area=3133.1976)
<end of output>
Test time =   0.00 sec
----------------------------------------------------------
Test Passed.
"area" end time: Aug 21 19:47 UTC
"area" time elapsed: 00:00:00
----------------------------------------------------------

5/5 Testing: observables
5/5 Test: observables
Command: "/home/runner/work/CoinSorter/CoinSorter/build/bin/test_observables"
Directory: /home/runner/work/CoinSorter/CoinSorter/build
"observables" start time: Aug 21 19:47 UTC
Output:
----------------------------------------------------------
=== Material Properties and Observables Test Suite ===

--- Material Property Lookup Tests ---
PASS: Cupronickel clad lookup
PASS: Cupronickel conductivity (3200000.000000 ≈ 3200000.000000)
PASS: Cupronickel class
PASS: Ni-plated steel lookup
PASS: Steel ferromagnetic
PASS: Steel class
PASS: Nordic gold lookup
PASS: Nordic gold diamagnetic
PASS: Nordic gold class

--- Coin Spec Integration Tests ---
PASS: USD system available
PASS: Quarter material properties lookup
PASS: Quarter has good conductivity

--- Energy Density Function Tests ---
PASS: Basic energy density (1,1) (1.000000 ≈ 1.000000)
PASS: Zero energy density (0.000000 ≈ 0.000000)
PASS: Enhanced energy > basic energy
PASS: Enhanced zero energy (0.000000 ≈ 0.000000)

--- Electromagnetic Energy Tests ---
PASS: EM energy density positive
PASS: Zero EM energy (0.000000 ≈ 0.000000)

--- Thermal Property Tests ---
PASS: Thermal diffusivity positive
PASS: Material reasonable thermal diffusivity

--- Electromagnetic Skin Depth Tests ---
PASS: 60 Hz skin depth reasonable
PASS: Higher frequency = smaller skin depth

--- Acoustic Property Tests ---
PASS: Acoustic impedance reasonable magnitude

--- Error Handling Tests ---
PASS: NULL composition returns NULL
PASS: Unknown material returns NULL
PASS: Enhanced with NULL properties (1.000000 ≈ 1.000000)
PASS: Thermal diffusivity with NULL (0.000000 ≈ 0.000000)
PASS: Zero frequency gives infinite skin depth
PASS: Acoustic impedance with NULL (0.000000 ≈ 0.000000)

--- Physical Reasonableness Tests ---
PASS: Aluminum lighter than copper
PASS: Aluminum good conductor
PASS: Aluminum weakly magnetic

=== Test Results ===
Tests passed: 32/32
All material properties tests PASSED!
<end of output>
Test time =   0.00 sec
----------------------------------------------------------
Test Passed.
"observables" end time: Aug 21 19:47 UTC
"observables" time elapsed: 00:00:00
----------------------------------------------------------

End testing: Aug 21 19:47 UTC
